<?xml version='1.0' encoding='UTF-8' ?>
<testsuite name="com.longnotes.app.ExampleInstrumentedTest" tests="1" failures="0" errors="0" skipped="0" time="0.762" timestamp="2025-11-02T04:18:41" hostname="localhost">
  <properties>
    <property name="device" value="Medium_Phone_API_36.1(AVD) - 16" />
    <property name="flavor" value="" />
    <property name="project" value=":app" />
  </properties>
  <testcase name="useAppContext" classname="com.longnotes.app.ExampleInstrumentedTest" time="0.014" />
</testsuite>